Unable to find image 'biocontainers/fastqc:v0.11.9_cv8' locally
v0.11.9_cv8: Pulling from biocontainers/fastqc
9ff7e2e5f967: Pulling fs layer
59856638ac9f: Pulling fs layer
6f317d6d954b: Pulling fs layer
c86651a97b9e: Pulling fs layer
a9dde5e2a643: Pulling fs layer
675cac559d07: Pulling fs layer
473490461998: Pulling fs layer
8f5e491552e6: Pulling fs layer
0e6dd20ee818: Pulling fs layer
a66ab3a674d9: Pulling fs layer
374c558e71da: Pulling fs layer
18f922275a6f: Pulling fs layer
0df3c64bb19a: Pulling fs layer
dbd67cd33317: Pulling fs layer
e936d7784cf9: Pulling fs layer
4dfd8d164cc5: Pulling fs layer
4dfd8d164cc5: Download complete
6f317d6d954b: Download complete
a9dde5e2a643: Download complete
675cac559d07: Download complete
dbd67cd33317: Download complete
8f5e491552e6: Download complete
59856638ac9f: Download complete
0df3c64bb19a: Download complete
a66ab3a674d9: Download complete
473490461998: Download complete
e936d7784cf9: Download complete
374c558e71da: Download complete
18f922275a6f: Download complete
0e6dd20ee818: Download complete
9ff7e2e5f967: Download complete
9ff7e2e5f967: Pull complete
6f317d6d954b: Pull complete
a9dde5e2a643: Pull complete
675cac559d07: Pull complete
59856638ac9f: Pull complete
c86651a97b9e: Download complete
0e6dd20ee818: Pull complete
374c558e71da: Pull complete
4dfd8d164cc5: Pull complete
8f5e491552e6: Pull complete
0df3c64bb19a: Pull complete
473490461998: Pull complete
e936d7784cf9: Pull complete
a66ab3a674d9: Pull complete
dbd67cd33317: Pull complete
18f922275a6f: Pull complete
c86651a97b9e: Pull complete
Digest: sha256:82e5fa413d275a72c3de76e400a3d12a93ebdb4e1ef5391d7f7e9ce686671d8d
Status: Downloaded newer image for biocontainers/fastqc:v0.11.9_cv8
Started analysis of sample.fastq.gz
Approx 5% complete for sample.fastq.gz
Approx 10% complete for sample.fastq.gz
Approx 15% complete for sample.fastq.gz
Approx 20% complete for sample.fastq.gz
Approx 25% complete for sample.fastq.gz
Approx 30% complete for sample.fastq.gz
Approx 35% complete for sample.fastq.gz
Approx 40% complete for sample.fastq.gz
Approx 45% complete for sample.fastq.gz
Approx 50% complete for sample.fastq.gz
Approx 55% complete for sample.fastq.gz
Approx 60% complete for sample.fastq.gz
Approx 65% complete for sample.fastq.gz
Approx 70% complete for sample.fastq.gz
Approx 75% complete for sample.fastq.gz
Approx 80% complete for sample.fastq.gz
Approx 85% complete for sample.fastq.gz
Approx 90% complete for sample.fastq.gz
Approx 95% complete for sample.fastq.gz
Approx 100% complete for sample.fastq.gz
Analysis complete for sample.fastq.gz
